<?xml version="1.0" encoding="UTF-8"?>
<!-- Generated by org.testng.reporters.JUnitReportReporter -->
<testsuite hostname="Sachin" failures="0" tests="1" name="com.Jenkins.parameterize.org.JenkinsParameterizeed.AppTest" time="6.583" errors="0" timestamp="2024-12-29T11:53:59 IST" skipped="0">
  <testcase classname="com.Jenkins.parameterize.org.JenkinsParameterizeed.AppTest" name="shouldAnswerWithTrue" time="6.583"/>
</testsuite> <!-- com.Jenkins.parameterize.org.JenkinsParameterizeed.AppTest -->
